gyp info it worked if it ends with ok
gyp verb cli [
gyp verb cli '/opt/homebrew/Cellar/node/23.11.0/bin/node',
gyp verb cli '/opt/homebrew/bin/node-gyp',
gyp verb cli 'rebuild',
gyp verb cli '--verbose'
gyp verb cli ]
gyp info using node-gyp@11.2.0
gyp info using node@23.11.0 | darwin | arm64
gyp verb clean removing "build" directory
gyp verb find Python Python is not set from command line or npm configuration
gyp verb find Python Python is not set from environment variable PYTHON
gyp verb find Python checking if "python3" can be used
gyp verb find Python - executing "python3" to get executable path
gyp verb find Python - executable path is "/opt/homebrew/opt/python@3.13/bin/python3.13"
gyp verb find Python - executing "/opt/homebrew/opt/python@3.13/bin/python3.13" to get version
gyp verb find Python - version is "3.13.3"
gyp info find Python using Python version 3.13.3 found at "/opt/homebrew/opt/python@3.13/bin/python3.13"
gyp verb get node dir no --target version specified, falling back to host node version: 23.11.0

gyp verb install input version string "23.11.0"
gyp verb install installing version: 23.11.0
gyp verb install --ensure was passed, so won't reinstall if already installed
gyp verb install version is already installed, need to check "installVersion"
gyp verb got "installVersion" 11
gyp verb needs "installVersion" 11
gyp verb install version is good
gyp verb get node dir target node version installed: 23.11.0
gyp verb build dir attempting to create "build" dir: /Users/mac/Data/Projects/PJSIP/build
gyp verb build dir "build" dir needed to be created? Yes
gyp verb build/config.gypi creating config file
gyp verb build/config.gypi writing out config file: /Users/mac/Data/Projects/PJSIP/build/config.gypi
gyp verb config.gypi checking for gypi file: /Users/mac/Data/Projects/PJSIP/config.gypi
gyp verb common.gypi checking for gypi file: /Users/mac/Data/Projects/PJSIP/common.gypi
gyp verb gyp gyp format was not specified; forcing "make"
gyp info spawn /opt/homebrew/opt/python@3.13/bin/python3.13
gyp info spawn args [
gyp info spawn args '/opt/homebrew/lib/node_modules/node-gyp/gyp/gyp_main.py',
gyp info spawn args 'binding.gyp',
gyp info spawn args '-f',
gyp info spawn args 'make',
gyp info spawn args '-I',
gyp info spawn args '/Users/mac/Data/Projects/PJSIP/build/config.gypi',
gyp info spawn args '-I',
gyp info spawn args '/opt/homebrew/lib/node_modules/node-gyp/addon.gypi',
gyp info spawn args '-I',
gyp info spawn args '/Users/mac/Library/Caches/node-gyp/23.11.0/include/node/common.gypi',
gyp info spawn args '-Dlibrary=shared_library',
gyp info spawn args '-Dvisibility=default',
gyp info spawn args '-Dnode_root_dir=/Users/mac/Library/Caches/node-gyp/23.11.0',
gyp info spawn args '-Dnode_gyp_dir=/opt/homebrew/lib/node_modules/node-gyp',
gyp info spawn args '-Dnode_lib_file=/Users/mac/Library/Caches/node-gyp/23.11.0/<(target_arch)/node.lib',
gyp info spawn args '-Dmodule_root_dir=/Users/mac/Data/Projects/PJSIP',
gyp info spawn args '-Dnode_engine=v8',
gyp info spawn args '--depth=.',
gyp info spawn args '--no-parallel',
gyp info spawn args '--generator-output',
gyp info spawn args 'build',
gyp info spawn args '-Goutput_dir=.'
gyp info spawn args ]
gyp: binding.gyp not found (cwd: /Users/mac/Data/Projects/PJSIP) while trying to load binding.gyp
gyp ERR! configure error 
gyp ERR! stack Error: `gyp` failed with exit code: 1
gyp ERR! stack at ChildProcess.<anonymous> (/opt/homebrew/lib/node_modules/node-gyp/lib/configure.js:317:18)
gyp ERR! stack at ChildProcess.emit (node:events:507:28)
gyp ERR! stack at ChildProcess._handle.onexit (node:internal/child_process:294:12)
gyp ERR! System Darwin 24.5.0
gyp ERR! command "/opt/homebrew/Cellar/node/23.11.0/bin/node" "/opt/homebrew/bin/node-gyp" "rebuild" "--verbose"
gyp ERR! cwd /Users/mac/Data/Projects/PJSIP
gyp ERR! node -v v23.11.0
gyp ERR! node-gyp -v v11.2.0
gyp ERR! not ok 
